<?xml version="1.0" encoding="UTF-8"?>
<testng-results skipped="0" failed="0" total="1" passed="1">
  <reporter-output>
  </reporter-output>
  <suite name="Default suite" duration-ms="75703" started-at="2017-01-20T06:11:32Z" finished-at="2017-01-20T06:12:48Z">
    <groups>
    </groups>
    <test name="Default test" duration-ms="75703" started-at="2017-01-20T06:11:32Z" finished-at="2017-01-20T06:12:48Z">
      <class name="LevelAspace.Testposition">
        <test-method status="PASS" signature="positionsetup()[pri:0, instance:LevelAspace.Testposition@d25987]" name="positionsetup" duration-ms="75688" started-at="2017-01-20T11:41:32Z" finished-at="2017-01-20T11:42:48Z">
          <reporter-output>
          </reporter-output>
        </test-method> <!-- positionsetup -->
      </class> <!-- LevelAspace.Testposition -->
    </test> <!-- Default test -->
  </suite> <!-- Default suite -->
</testng-results>
