<?xml version="1.0" encoding="UTF-8"?>
<testng-results skipped="0" failed="0" total="1" passed="1">
  <reporter-output>
  </reporter-output>
  <suite name="Default suite" duration-ms="262702" started-at="2016-12-29T03:51:09Z" finished-at="2016-12-29T03:55:32Z">
    <groups>
    </groups>
    <test name="Default test" duration-ms="262702" started-at="2016-12-29T03:51:09Z" finished-at="2016-12-29T03:55:32Z">
      <class name="shapespackage.ThreeDshapes">
        <test-method status="PASS" signature="setup()[pri:0, instance:shapespackage.ThreeDshapes@7fa833]" name="setup" is-config="true" duration-ms="38352" started-at="2016-12-29T09:21:09Z" finished-at="2016-12-29T09:21:48Z">
          <reporter-output>
          </reporter-output>
        </test-method> <!-- setup -->
        <test-method status="PASS" signature="sorting()[pri:0, instance:shapespackage.ThreeDshapes@7fa833]" name="sorting" duration-ms="222862" started-at="2016-12-29T09:21:48Z" finished-at="2016-12-29T09:25:30Z">
          <reporter-output>
          </reporter-output>
        </test-method> <!-- sorting -->
        <test-method status="PASS" signature="teardown()[pri:0, instance:shapespackage.ThreeDshapes@7fa833]" name="teardown" is-config="true" duration-ms="1386" started-at="2016-12-29T09:25:30Z" finished-at="2016-12-29T09:25:32Z">
          <reporter-output>
          </reporter-output>
        </test-method> <!-- teardown -->
      </class> <!-- shapespackage.ThreeDshapes -->
    </test> <!-- Default test -->
  </suite> <!-- Default suite -->
</testng-results>
