<?xml version="1.0" encoding="UTF-8"?>
<testng-results skipped="0" failed="0" total="1" passed="1">
  <reporter-output>
  </reporter-output>
  <suite name="Default suite" duration-ms="30992" started-at="2017-02-08T09:23:48Z" finished-at="2017-02-08T09:24:19Z">
    <groups>
    </groups>
    <test name="Default test" duration-ms="30992" started-at="2017-02-08T09:23:48Z" finished-at="2017-02-08T09:24:19Z">
      <class name="levelBNumber.Allgames.NumberTest">
        <test-method status="PASS" signature="NumberlevelBopening()[pri:0, instance:levelBNumber.Allgames.NumberTest@d25987]" name="NumberlevelBopening" duration-ms="30979" started-at="2017-02-08T14:53:48Z" finished-at="2017-02-08T14:54:19Z">
          <reporter-output>
          </reporter-output>
        </test-method> <!-- NumberlevelBopening -->
      </class> <!-- levelBNumber.Allgames.NumberTest -->
    </test> <!-- Default test -->
  </suite> <!-- Default suite -->
</testng-results>
