<?xml version="1.0" encoding="UTF-8"?>
<testng-results skipped="0" failed="0" total="2" passed="2">
  <reporter-output>
  </reporter-output>
  <suite name="Default suite" duration-ms="48702" started-at="2017-01-02T10:29:03Z" finished-at="2017-01-02T10:29:51Z">
    <groups>
    </groups>
    <test name="Default test" duration-ms="48702" started-at="2017-01-02T10:29:03Z" finished-at="2017-01-02T10:29:51Z">
      <class name="Count.Countcrayfishtest">
        <test-method status="PASS" signature="setup()[pri:0, instance:Count.Countcrayfishtest@c285f4]" name="setup" is-config="true" duration-ms="43947" started-at="2017-01-02T15:59:03Z" finished-at="2017-01-02T15:59:47Z">
          <reporter-output>
          </reporter-output>
        </test-method> <!-- setup -->
        <test-method status="PASS" signature="Plusbutton()[pri:0, instance:Count.Countcrayfishtest@c285f4]" name="Plusbutton" duration-ms="1951" started-at="2017-01-02T15:59:47Z" finished-at="2017-01-02T15:59:49Z">
          <reporter-output>
          </reporter-output>
        </test-method> <!-- Plusbutton -->
        <test-method status="PASS" signature="Minusbutton()[pri:0, instance:Count.Countcrayfishtest@c285f4]" name="Minusbutton" duration-ms="1601" started-at="2017-01-02T15:59:49Z" finished-at="2017-01-02T15:59:50Z">
          <reporter-output>
          </reporter-output>
        </test-method> <!-- Minusbutton -->
        <test-method status="PASS" signature="teardown()[pri:0, instance:Count.Countcrayfishtest@c285f4]" name="teardown" is-config="true" duration-ms="1175" started-at="2017-01-02T15:59:50Z" finished-at="2017-01-02T15:59:51Z">
          <reporter-output>
          </reporter-output>
        </test-method> <!-- teardown -->
      </class> <!-- Count.Countcrayfishtest -->
    </test> <!-- Default test -->
  </suite> <!-- Default suite -->
</testng-results>
