<?xml version="1.0" encoding="UTF-8"?>
<testng-results skipped="0" failed="0" total="1" passed="1">
  <reporter-output>
  </reporter-output>
  <suite name="Default suite" duration-ms="87986" started-at="2017-01-11T09:52:05Z" finished-at="2017-01-11T09:53:33Z">
    <groups>
    </groups>
    <test name="Default test" duration-ms="87986" started-at="2017-01-11T09:52:05Z" finished-at="2017-01-11T09:53:33Z">
      <class name="com.FirstRainMvn.regression.Test_01_Addbugs">
        <test-method status="PASS" signature="Positive_Addbugs()[pri:0, instance:com.FirstRainMvn.regression.Test_01_Addbugs@d25987]" name="Positive_Addbugs" duration-ms="87968" started-at="2017-01-11T15:22:05Z" finished-at="2017-01-11T15:23:33Z">
          <reporter-output>
          </reporter-output>
        </test-method> <!-- Positive_Addbugs -->
      </class> <!-- com.FirstRainMvn.regression.Test_01_Addbugs -->
    </test> <!-- Default test -->
  </suite> <!-- Default suite -->
</testng-results>
