<?xml version="1.0" encoding="UTF-8"?>
<testng-results skipped="0" failed="0" total="2" passed="2">
  <reporter-output>
  </reporter-output>
  <suite name="Default suite" duration-ms="135864" started-at="2016-12-29T09:31:44Z" finished-at="2016-12-29T09:34:00Z">
    <groups>
    </groups>
    <test name="Default test" duration-ms="135864" started-at="2016-12-29T09:31:44Z" finished-at="2016-12-29T09:34:00Z">
      <class name="timeweek.week">
        <test-method status="PASS" signature="setup()[pri:0, instance:timeweek.week@c0edeb]" name="setup" is-config="true" duration-ms="21277" started-at="2016-12-29T15:01:44Z" finished-at="2016-12-29T15:02:05Z">
          <reporter-output>
          </reporter-output>
        </test-method> <!-- setup -->
        <test-method status="PASS" signature="words()[pri:0, instance:timeweek.week@c0edeb]" name="words" duration-ms="99606" started-at="2016-12-29T15:02:05Z" finished-at="2016-12-29T15:03:45Z">
          <reporter-output>
          </reporter-output>
        </test-method> <!-- words -->
        <test-method status="PASS" signature="sorting()[pri:0, instance:timeweek.week@c0edeb]" name="sorting" duration-ms="14963" started-at="2016-12-29T15:03:45Z" finished-at="2016-12-29T15:04:00Z">
          <reporter-output>
          </reporter-output>
        </test-method> <!-- sorting -->
      </class> <!-- timeweek.week -->
    </test> <!-- Default test -->
  </suite> <!-- Default suite -->
</testng-results>
