<?xml version="1.0" encoding="UTF-8"?>
<testng-results skipped="0" failed="0" total="2" passed="2">
  <reporter-output>
  </reporter-output>
  <suite name="Default suite" duration-ms="29394" started-at="2016-06-21T10:04:46Z" finished-at="2016-06-21T10:05:16Z">
    <groups>
    </groups>
    <test name="Default test" duration-ms="29394" started-at="2016-06-21T10:04:46Z" finished-at="2016-06-21T10:05:16Z">
      <class name="seliniumwithtestng.Selmaintest">
        <test-method status="PASS" signature="Fixed()[pri:0, instance:seliniumwithtestng.Selmaintest@1fdc050]" name="Fixed" is-config="true" duration-ms="14776" started-at="2016-06-21T15:34:46Z" finished-at="2016-06-21T15:35:01Z">
          <reporter-output>
          </reporter-output>
        </test-method> <!-- Fixed -->
        <test-method status="PASS" signature="gmailogin()[pri:0, instance:seliniumwithtestng.Selmaintest@1fdc050]" name="gmailogin" duration-ms="5738" started-at="2016-06-21T15:35:01Z" finished-at="2016-06-21T15:35:07Z">
          <reporter-output>
          </reporter-output>
        </test-method> <!-- gmailogin -->
        <test-method status="PASS" signature="logout()[pri:0, instance:seliniumwithtestng.Selmaintest@1fdc050]" name="logout" duration-ms="8855" started-at="2016-06-21T15:35:07Z" finished-at="2016-06-21T15:35:16Z">
          <reporter-output>
          </reporter-output>
        </test-method> <!-- logout -->
      </class> <!-- seliniumwithtestng.Selmaintest -->
    </test> <!-- Default test -->
  </suite> <!-- Default suite -->
</testng-results>
