<?xml version="1.0" encoding="UTF-8"?>
<testng-results skipped="0" failed="0" total="1" passed="1">
  <reporter-output>
  </reporter-output>
  <suite name="Default suite" duration-ms="7691" started-at="2016-06-30T11:29:09Z" finished-at="2016-06-30T11:29:17Z">
    <groups>
    </groups>
    <test name="Default test" duration-ms="7691" started-at="2016-06-30T11:29:09Z" finished-at="2016-06-30T11:29:17Z">
      <class name="screenshot.Screen">
        <test-method status="PASS" signature="setup()[pri:0, instance:screenshot.Screen@1ce4f0a]" name="setup" is-config="true" duration-ms="5373" started-at="2016-06-30T16:59:09Z" finished-at="2016-06-30T16:59:15Z">
          <reporter-output>
          </reporter-output>
        </test-method> <!-- setup -->
        <test-method status="PASS" signature="testStaticForm()[pri:0, instance:screenshot.Screen@1ce4f0a]" name="testStaticForm" duration-ms="1503" started-at="2016-06-30T16:59:15Z" finished-at="2016-06-30T16:59:16Z">
          <reporter-output>
          </reporter-output>
        </test-method> <!-- testStaticForm -->
        <test-method status="PASS" signature="tearDown()[pri:0, instance:screenshot.Screen@1ce4f0a]" name="tearDown" is-config="true" duration-ms="802" started-at="2016-06-30T16:59:16Z" finished-at="2016-06-30T16:59:17Z">
          <reporter-output>
          </reporter-output>
        </test-method> <!-- tearDown -->
      </class> <!-- screenshot.Screen -->
    </test> <!-- Default test -->
  </suite> <!-- Default suite -->
</testng-results>
