<?xml version="1.0" encoding="UTF-8"?>
<testng-results skipped="0" failed="0" total="1" passed="1">
  <reporter-output>
  </reporter-output>
  <suite name="Default suite" duration-ms="203022" started-at="2017-01-17T10:02:30Z" finished-at="2017-01-17T10:05:53Z">
    <groups>
    </groups>
    <test name="Default test" duration-ms="203022" started-at="2017-01-17T10:02:30Z" finished-at="2017-01-17T10:05:53Z">
      <class name="spacetest.Runtestshape">
        <test-method status="PASS" signature="run()[pri:0, instance:spacetest.Runtestshape@23a2f9]" name="run" duration-ms="203007" started-at="2017-01-17T15:32:30Z" finished-at="2017-01-17T15:35:53Z">
          <reporter-output>
          </reporter-output>
        </test-method> <!-- run -->
      </class> <!-- spacetest.Runtestshape -->
    </test> <!-- Default test -->
  </suite> <!-- Default suite -->
</testng-results>
